<?xml version="1.0" encoding="UTF-8"?>
<testsuite name="AnimalTest" tests="3" skipped="0" failures="0" errors="0" timestamp="2021-11-04T15:26:07" hostname="LAPTOP-ECOIB2OP" time="0.11">
  <properties/>
  <testcase name="move_test2_boundLeftRight()" classname="AnimalTest" time="0.099"/>
  <testcase name="move_test1()" classname="AnimalTest" time="0.002"/>
  <testcase name="move_test3_boundUpDown()" classname="AnimalTest" time="0.004"/>
  <system-out><![CDATA[]]></system-out>
  <system-err><![CDATA[]]></system-err>
</testsuite>
