<?xml version="1.0" encoding="UTF-8"?>
<testsuite name="MapDirectionTest" tests="1" skipped="0" failures="0" errors="0" timestamp="2021-10-28T14:27:40" hostname="LAPTOP-ECOIB2OP" time="0.089">
  <properties/>
  <testcase name="testToString()" classname="MapDirectionTest" time="0.089"/>
  <system-out><![CDATA[]]></system-out>
  <system-err><![CDATA[]]></system-err>
</testsuite>
