<?xml version="1.0" encoding="UTF-8"?>
<testsuite name="AnimalTest" tests="3" skipped="0" failures="0" errors="0" timestamp="2021-11-03T21:50:10" hostname="LAPTOP-ECOIB2OP" time="0.045">
  <properties/>
  <testcase name="move_test1()" classname="AnimalTest" time="0.042"/>
  <testcase name="move_test2()" classname="AnimalTest" time="0.001"/>
  <testcase name="move_test3()" classname="AnimalTest" time="0.001"/>
  <system-out><![CDATA[]]></system-out>
  <system-err><![CDATA[]]></system-err>
</testsuite>
