<?xml version="1.0" encoding="UTF-8"?>
<testsuite name="SimulationEngineTest" tests="3" skipped="0" failures="0" errors="0" timestamp="2021-11-18T10:20:01" hostname="LAPTOP-ECOIB2OP" time="0.105">
  <properties/>
  <testcase name="test1()" classname="SimulationEngineTest" time="0.055"/>
  <testcase name="test2()" classname="SimulationEngineTest" time="0.025"/>
  <testcase name="test3()" classname="SimulationEngineTest" time="0.023"/>
  <system-out><![CDATA[ y\x  0 1 2 3 4
  6: -----------
  5: | | | | | |
  4: | | | | | |
  3: | | | | | |
  2: | | | | | |
  1: |N| | | | |
  0: | | | | | |
 -1: -----------

 y\x  0 1 2 3 4
  6: -----------
  5: | | | | | |
  4: | | | | | |
  3: | | | | | |
  2: | | | | | |
  1: |E| | | | |
  0: | | | | | |
 -1: -----------

 y\x  0 1 2 3 4
  6: -----------
  5: | | | | | |
  4: | | | | | |
  3: | | | | | |
  2: | | | | | |
  1: | |E| | | |
  0: | | | | | |
 -1: -----------

 y\x  0 1 2 3 4
  6: -----------
  5: | | | | | |
  4: | | | | | |
  3: | | | | | |
  2: | | | | | |
  1: | |S| | | |
  0: | | | | | |
 -1: -----------

 y\x  0 1 2 3 4
  6: -----------
  5: | | | | | |
  4: | | | | | |
  3: | | | | | |
  2: | | | | | |
  1: | | | | | |
  0: | |S| | | |
 -1: -----------

 y\x  0 1 2 3 4
  6: -----------
  5: | | | | | |
  4: | | | | | |
  3: | | | | | |
  2: | | | | | |
  1: | | | | | |
  0: | |S| | | |
 -1: -----------

 y\x  0 1 2 3 4
  6: -----------
  5: | | | | | |
  4: | | | | | |
  3: | | | | | |
  2: | | | | | |
  1: | | | | | |
  0: | |S| | | |
 -1: -----------

 y\x  0 1 2 3 4
  6: -----------
  5: | | | | | |
  4: | | | | | |
  3: | | | | | |
  2: | | | | | |
  1: | | | | | |
  0: | |S| | | |
 -1: -----------

 y\x  0 1 2 3 4
  6: -----------
  5: | | | | | |
  4: | | | | | |
  3: | | | | | |
  2: | | | | | |
  1: | | | | | |
  0: | |S| | | |
 -1: -----------

 y\x  0 1 2 3 4
  6: -----------
  5: | | | | | |
  4: | | | | | |
  3: | | | | | |
  2: | | | | | |
  1: | | | | | |
  0: | |S| | | |
 -1: -----------

 y\x  0 1 2 3 4
  6: -----------
  5: | | | | | |
  4: | | | | | |
  3: | | | | | |
  2: | | | | | |
  1: | | | | | |
  0: | |S| | | |
 -1: -----------

 y\x  0 1 2 3 4
  6: -----------
  5: | | | | | |
  4: | | | | | |
  3: | | | | | |
  2: | | | | | |
  1: | | | | | |
  0: | |S| | | |
 -1: -----------

 y\x  0 1 2 3 4
  6: -----------
  5: | | | | | |
  4: | | | | | |
  3: | | | | | |
  2: | | | | | |
  1: | | | | | |
  0: | |S| | | |
 -1: -----------

 y\x  0 1 2 3 4
  6: -----------
  5: | | | | | |
  4: | | | | | |
  3: | | | | | |
  2: | | | | | |
  1: | | | | | |
  0: | |S| | | |
 -1: -----------

 y\x  0 1 2 3 4
  6: -----------
  5: | | | | | |
  4: | | | | | |
  3: | | | | | |
  2: | | | | | |
  1: | | | | | |
  0: | |S| | | |
 -1: -----------

 y\x  0 1 2 3 4
  6: -----------
  5: | | | | | |
  4: | | | | | |
  3: | | | | | |
  2: | | | | | |
  1: | | | | | |
  0: | |S| | | |
 -1: -----------

 y\x  0 1 2 3 4 5
  6: -------------
  5: | | | | | | |
  4: | | |N| | | |
  3: | | | |N| | |
  2: | | |N|N| | |
  1: | | | | | | |
  0: | | | | | | |
 -1: -------------

 y\x  0 1 2 3 4 5
  6: -------------
  5: | | | | | | |
  4: | | |N|N| | |
  3: | | | | | | |
  2: | | |N|N| | |
  1: | | | | | | |
  0: | | | | | | |
 -1: -------------

 y\x  0 1 2 3 4 5
  6: -------------
  5: | | | | | | |
  4: | | |N|N| | |
  3: | | | | | | |
  2: | | | |N| | |
  1: | | |N| | | |
  0: | | | | | | |
 -1: -------------

 y\x  0 1 2 3 4 5
  6: -------------
  5: | | | | | | |
  4: | | |N|N| | |
  3: | | | | | | |
  2: | | | | | | |
  1: | | |N|N| | |
  0: | | | | | | |
 -1: -------------

 y\x  0 1 2 3 4 5
  6: -------------
  5: | | | | | | |
  4: | | |N|N| | |
  3: | | | | | | |
  2: | | | | | | |
  1: | | |N|N| | |
  0: | | | | | | |
 -1: -------------

 y\x  0 1 2 3 4 5
  6: -------------
  5: | | | | | | |
  4: | | |N|N| | |
  3: | | | | | | |
  2: | | | | | | |
  1: | | |N|N| | |
  0: | | | | | | |
 -1: -------------

 y\x  0 1 2 3 4 5
  6: -------------
  5: | | | | | | |
  4: | | |N|N| | |
  3: | | | | | | |
  2: | | | | | | |
  1: | | | |N| | |
  0: | | |N| | | |
 -1: -------------

 y\x  0 1 2 3 4 5
  6: -------------
  5: | | | | | | |
  4: | | |N|N| | |
  3: | | | | | | |
  2: | | | | | | |
  1: | | | | | | |
  0: | | |N|N| | |
 -1: -------------

 y\x  0 1 2 3 4 5
  6: -------------
  5: | | | | | | |
  4: | | |W|N| | |
  3: | | | | | | |
  2: | | | | | | |
  1: | | | | | | |
  0: | | |N|N| | |
 -1: -------------

 y\x  0 1 2 3 4 5
  6: -------------
  5: | | | | | | |
  4: | | |W|E| | |
  3: | | | | | | |
  2: | | | | | | |
  1: | | | | | | |
  0: | | |N|N| | |
 -1: -------------

 y\x  0 1 2 3 4 5
  6: -------------
  5: | | | | | | |
  4: | | |W|E| | |
  3: | | | | | | |
  2: | | | | | | |
  1: | | | | | | |
  0: | | |W|N| | |
 -1: -------------

 y\x  0 1 2 3 4 5
  6: -------------
  5: | | | | | | |
  4: | | |W|E| | |
  3: | | | | | | |
  2: | | | | | | |
  1: | | | | | | |
  0: | | |W|E| | |
 -1: -------------

 y\x  0 1 2 3 4 5
  6: -------------
  5: | | | | | | |
  4: | |W| |E| | |
  3: | | | | | | |
  2: | | | | | | |
  1: | | | | | | |
  0: | | |W|E| | |
 -1: -------------

 y\x  0 1 2 3 4 5
  6: -------------
  5: | | | | | | |
  4: | |W| | |E| |
  3: | | | | | | |
  2: | | | | | | |
  1: | | | | | | |
  0: | | |W|E| | |
 -1: -------------

 y\x  0 1 2 3 4 5
  6: -------------
  5: | | | | | | |
  4: | |W| | |E| |
  3: | | | | | | |
  2: | | | | | | |
  1: | | | | | | |
  0: | |W| |E| | |
 -1: -------------

 y\x  0 1 2 3 4 5
  6: -------------
  5: | | | | | | |
  4: | |W| | |E| |
  3: | | | | | | |
  2: | | | | | | |
  1: | | | | | | |
  0: | |W| | |E| |
 -1: -------------

 y\x  0 1 2 3 4 5
  6: -------------
  5: | | | | | | |
  4: |W| | | |E| |
  3: | | | | | | |
  2: | | | | | | |
  1: | | | | | | |
  0: | |W| | |E| |
 -1: -------------

 y\x  0 1 2 3 4 5
  6: -------------
  5: | | | | | | |
  4: |W| | | |E| |
  3: | | | | | | |
  2: | | | | | | |
  1: | | | | | | |
  0: | |W| | |E| |
 -1: -------------

 y\x  0 1 2 3 4 5
  6: -------------
  5: | | | | | | |
  4: |W| | | |E| |
  3: | | | | | | |
  2: | | | | | | |
  1: | | | | | | |
  0: |W| | | |E| |
 -1: -------------

 y\x  0 1 2 3 4 5
  6: -------------
  5: | | | | | | |
  4: |W| | | |E| |
  3: | | | | | | |
  2: | | | | | | |
  1: | | | | | | |
  0: |W| | | |E| |
 -1: -------------

 y\x  0 1 2 3 4 5 6 7 8
  8: -------------------
  7: | | | | | | | | | |
  6: | | | | | | | | | |
  5: |E| | | | | | |N| |
  4: | | | | | | | | | |
  3: | | | | | | | | | |
  2: | | | | | | | | | |
  1: | | | | | | | | | |
  0: | | | | | | | | | |
 -1: -------------------

 y\x  0 1 2 3 4 5 6 7 8
  8: -------------------
  7: | | | | | | | | | |
  6: | | | | | | | | | |
  5: |E| | | | | | |W| |
  4: | | | | | | | | | |
  3: | | | | | | | | | |
  2: | | | | | | | | | |
  1: | | | | | | | | | |
  0: | | | | | | | | | |
 -1: -------------------

 y\x  0 1 2 3 4 5 6 7 8
  8: -------------------
  7: | | | | | | | | | |
  6: | | | | | | | | | |
  5: | |E| | | | | |W| |
  4: | | | | | | | | | |
  3: | | | | | | | | | |
  2: | | | | | | | | | |
  1: | | | | | | | | | |
  0: | | | | | | | | | |
 -1: -------------------

 y\x  0 1 2 3 4 5 6 7 8
  8: -------------------
  7: | | | | | | | | | |
  6: | | | | | | | | | |
  5: | |E| | | | |W| | |
  4: | | | | | | | | | |
  3: | | | | | | | | | |
  2: | | | | | | | | | |
  1: | | | | | | | | | |
  0: | | | | | | | | | |
 -1: -------------------

 y\x  0 1 2 3 4 5 6 7 8
  8: -------------------
  7: | | | | | | | | | |
  6: | | | | | | | | | |
  5: | | |E| | | |W| | |
  4: | | | | | | | | | |
  3: | | | | | | | | | |
  2: | | | | | | | | | |
  1: | | | | | | | | | |
  0: | | | | | | | | | |
 -1: -------------------

 y\x  0 1 2 3 4 5 6 7 8
  8: -------------------
  7: | | | | | | | | | |
  6: | | | | | | | | | |
  5: | | |E| | |W| | | |
  4: | | | | | | | | | |
  3: | | | | | | | | | |
  2: | | | | | | | | | |
  1: | | | | | | | | | |
  0: | | | | | | | | | |
 -1: -------------------

 y\x  0 1 2 3 4 5 6 7 8
  8: -------------------
  7: | | | | | | | | | |
  6: | | | | | | | | | |
  5: | | | |E| |W| | | |
  4: | | | | | | | | | |
  3: | | | | | | | | | |
  2: | | | | | | | | | |
  1: | | | | | | | | | |
  0: | | | | | | | | | |
 -1: -------------------

 y\x  0 1 2 3 4 5 6 7 8
  8: -------------------
  7: | | | | | | | | | |
  6: | | | | | | | | | |
  5: | | | |E|W| | | | |
  4: | | | | | | | | | |
  3: | | | | | | | | | |
  2: | | | | | | | | | |
  1: | | | | | | | | | |
  0: | | | | | | | | | |
 -1: -------------------

 y\x  0 1 2 3 4 5 6 7 8
  8: -------------------
  7: | | | | | | | | | |
  6: | | | | | | | | | |
  5: | | | |E|W| | | | |
  4: | | | | | | | | | |
  3: | | | | | | | | | |
  2: | | | | | | | | | |
  1: | | | | | | | | | |
  0: | | | | | | | | | |
 -1: -------------------

 y\x  0 1 2 3 4 5 6 7 8
  8: -------------------
  7: | | | | | | | | | |
  6: | | | | | | | | | |
  5: | | | |E|W| | | | |
  4: | | | | | | | | | |
  3: | | | | | | | | | |
  2: | | | | | | | | | |
  1: | | | | | | | | | |
  0: | | | | | | | | | |
 -1: -------------------

 y\x  0 1 2 3 4 5 6 7 8
  8: -------------------
  7: | | | | | | | | | |
  6: | | | | | | | | | |
  5: | | | |E|W| | | | |
  4: | | | | | | | | | |
  3: | | | | | | | | | |
  2: | | | | | | | | | |
  1: | | | | | | | | | |
  0: | | | | | | | | | |
 -1: -------------------

]]></system-out>
  <system-err><![CDATA[]]></system-err>
</testsuite>
