<?xml version="1.0" encoding="UTF-8"?>
<testsuite name="GrassFieldTest" tests="3" skipped="0" failures="0" errors="0" timestamp="2021-12-02T15:22:32" hostname="LAPTOP-ECOIB2OP" time="0.085">
  <properties/>
  <testcase name="place_plus_objectAtTest()" classname="GrassFieldTest" time="0.07"/>
  <testcase name="isOccupiedTest()" classname="GrassFieldTest" time="0.004"/>
  <testcase name="canMovetoTest()" classname="GrassFieldTest" time="0.006"/>
  <system-out><![CDATA[]]></system-out>
  <system-err><![CDATA[]]></system-err>
</testsuite>
